2025-03-05 21:45:49,957 - __main__ - INFO - Using port: 8001
2025-03-05 21:45:50,132 - __mp_main__ - INFO - Using port: 8002
2025-03-05 21:45:50,143 - main - INFO - Using port: 8002
2025-03-05 21:45:50,144 - main - INFO - Application starting up...
2025-03-05 21:46:05,807 - main - INFO - Application shutting down...
2025-03-05 21:47:58,856 - __main__ - INFO - Using port: 8000
2025-03-05 21:47:59,040 - __mp_main__ - INFO - Using port: 8001
2025-03-05 21:47:59,073 - main - INFO - Using port: 8001
2025-03-05 21:47:59,074 - main - INFO - Application starting up...
2025-03-05 21:49:06,347 - watchfiles.main - INFO - 1 change detected
2025-03-05 21:49:06,485 - main - INFO - Application shutting down...
2025-03-05 21:49:06,699 - __mp_main__ - INFO - Using port: 8001
2025-03-05 21:49:06,711 - main - INFO - Using port: 8001
2025-03-05 21:49:06,712 - main - INFO - Application starting up...
2025-03-05 21:49:06,854 - watchfiles.main - INFO - 4 changes detected
2025-03-05 21:49:12,083 - main - INFO - Processing request to root endpoint
2025-03-05 21:49:20,868 - main - INFO - Application shutting down...
2025-03-05 21:49:22,307 - __main__ - INFO - Using port: 8001
2025-03-05 21:49:22,480 - __mp_main__ - INFO - Using port: 8002
2025-03-05 21:49:22,490 - main - INFO - Using port: 8002
2025-03-05 21:49:22,491 - main - INFO - Application starting up...
2025-03-05 21:49:28,461 - main - INFO - Application shutting down...
2025-03-05 21:49:41,421 - __main__ - INFO - Using port: 8001
2025-03-05 21:49:41,593 - __mp_main__ - INFO - Using port: 8002
2025-03-05 21:49:41,602 - main - INFO - Using port: 8002
2025-03-05 21:49:41,603 - main - INFO - Application starting up...
2025-03-05 21:49:54,902 - main - INFO - Processing request to root endpoint
2025-03-05 21:49:59,339 - main - INFO - Processing request to root endpoint
2025-03-05 21:50:17,068 - watchfiles.main - INFO - 1 change detected
2025-03-05 21:50:17,185 - main - INFO - Application shutting down...
2025-03-05 21:50:17,387 - __mp_main__ - INFO - Using port: 8002
2025-03-05 21:50:17,397 - main - INFO - Using port: 8002
2025-03-05 21:50:17,398 - main - INFO - Application starting up...
2025-03-05 21:50:17,560 - watchfiles.main - INFO - 4 changes detected
2025-03-05 21:50:21,417 - main - INFO - Processing request to root endpoint
2025-03-05 21:50:25,095 - watchfiles.main - INFO - 3 changes detected
2025-03-05 21:50:34,108 - main - INFO - Processing request to root endpoint
2025-03-05 21:51:20,617 - watchfiles.main - INFO - 1 change detected
2025-03-05 21:51:20,749 - main - INFO - Application shutting down...
2025-03-05 21:51:20,944 - __mp_main__ - INFO - Using port: 8000
2025-03-05 21:51:20,954 - main - INFO - Using port: 8000
2025-03-05 21:51:20,954 - main - INFO - Application starting up...
2025-03-05 21:51:21,119 - watchfiles.main - INFO - 4 changes detected
2025-03-05 21:52:48,737 - watchfiles.main - INFO - 1 change detected
2025-03-05 21:52:48,870 - main - INFO - Application shutting down...
2025-03-05 21:52:49,075 - main - INFO - Application starting up...
2025-03-05 21:52:49,238 - watchfiles.main - INFO - 4 changes detected
2025-03-05 21:52:57,927 - watchfiles.main - INFO - 1 change detected
2025-03-05 21:52:58,070 - main - INFO - Application shutting down...
2025-03-05 21:52:58,275 - main - INFO - Application starting up...
2025-03-05 21:52:58,431 - watchfiles.main - INFO - 4 changes detected
2025-03-05 21:53:08,122 - watchfiles.main - INFO - 1 change detected
2025-03-05 21:53:08,282 - main - INFO - Application shutting down...
2025-03-05 21:53:08,497 - main - INFO - Application starting up...
2025-03-05 21:53:08,645 - watchfiles.main - INFO - 4 changes detected
2025-03-05 21:53:09,220 - watchfiles.main - INFO - 1 change detected
2025-03-05 21:53:09,406 - main - INFO - Application shutting down...
2025-03-05 21:53:09,606 - main - INFO - Application starting up...
2025-03-05 21:53:09,766 - watchfiles.main - INFO - 4 changes detected
2025-03-05 21:53:12,032 - main - INFO - Application shutting down...
2025-03-05 21:53:14,632 - __main__ - INFO - Using port: 8000
2025-03-05 21:53:14,810 - main - INFO - Application starting up...
2025-03-05 21:53:20,763 - main - INFO - Processing request to root endpoint
2025-03-05 21:53:35,179 - watchfiles.main - INFO - 1 change detected
2025-03-05 21:53:35,325 - main - INFO - Application shutting down...
2025-03-05 21:53:35,535 - main - INFO - Application starting up...
2025-03-05 21:53:35,697 - watchfiles.main - INFO - 4 changes detected
2025-03-05 21:53:41,095 - main - INFO - Application shutting down...
2025-03-05 21:58:39,250 - __main__ - INFO - Using port: 8000
2025-03-05 21:58:39,425 - main - INFO - Application starting up...
2025-03-05 21:58:46,803 - main - INFO - Processing request to root endpoint
2025-03-05 21:59:00,240 - main - INFO - Application shutting down...
2025-03-05 22:01:14,818 - root - INFO - [3033] - Using port: 8000
2025-03-05 22:01:15,005 - root - INFO - [3062] - Application starting up in development environment...
2025-03-05 22:01:18,732 - root - INFO - [3062] - Processing request to root endpoint
2025-03-05 22:01:18,802 - watchfiles.main - INFO - [3033] - 7 changes detected
2025-03-05 22:04:28,499 - watchfiles.main - INFO - [3033] - 1 change detected
2025-03-05 22:04:28,601 - root - INFO - [3062] - Application shutting down...
2025-03-05 22:04:28,800 - root - INFO - [3197] - Application starting up in development environment...
2025-03-05 22:04:28,968 - watchfiles.main - INFO - [3033] - 1 change detected
2025-03-05 22:04:29,914 - watchfiles.main - INFO - [3033] - 1 change detected
2025-03-05 22:04:30,115 - root - INFO - [3197] - Application shutting down...
2025-03-05 22:04:30,318 - root - INFO - [3206] - Application starting up in development environment...
2025-03-05 22:04:30,479 - watchfiles.main - INFO - [3033] - 1 change detected
2025-03-05 22:04:43,675 - watchfiles.main - INFO - [3033] - 1 change detected
2025-03-05 22:04:43,856 - root - INFO - [3206] - Application shutting down...
2025-03-05 22:04:44,085 - root - INFO - [3216] - Application starting up in development environment...
2025-03-05 22:04:44,225 - watchfiles.main - INFO - [3033] - 1 change detected
2025-03-05 22:04:45,080 - watchfiles.main - INFO - [3033] - 1 change detected
2025-03-05 22:04:45,198 - root - INFO - [3216] - Application shutting down...
2025-03-05 22:04:45,401 - root - INFO - [3225] - Application starting up in development environment...
2025-03-05 22:04:45,561 - watchfiles.main - INFO - [3033] - 1 change detected
2025-03-05 22:05:30,696 - watchfiles.main - INFO - [3033] - 1 change detected
2025-03-05 22:05:30,899 - root - INFO - [3225] - Application shutting down...
2025-03-05 22:05:31,268 - watchfiles.main - INFO - [3033] - 7 changes detected
2025-03-05 22:06:11,702 - watchfiles.main - INFO - [3033] - 1 change detected
2025-03-05 22:06:21,724 - watchfiles.main - INFO - [3033] - 1 change detected
2025-03-05 22:06:29,542 - watchfiles.main - INFO - [3033] - 1 change detected
2025-03-05 22:06:31,364 - watchfiles.main - INFO - [3033] - 1 change detected
2025-03-05 22:06:42,395 - watchfiles.main - INFO - [3033] - 1 change detected
2025-03-05 22:06:44,161 - watchfiles.main - INFO - [3033] - 1 change detected
2025-03-05 22:06:52,453 - watchfiles.main - INFO - [3033] - 1 change detected
2025-03-05 22:06:53,860 - watchfiles.main - INFO - [3033] - 1 change detected
2025-03-05 22:07:10,677 - watchfiles.main - INFO - [3033] - 1 change detected
2025-03-05 22:07:31,751 - watchfiles.main - INFO - [3033] - 1 change detected
2025-03-05 22:07:45,738 - watchfiles.main - INFO - [3033] - 1 change detected
2025-03-05 22:07:51,529 - watchfiles.main - INFO - [3033] - 1 change detected
2025-03-05 22:07:52,162 - watchfiles.main - INFO - [3033] - 55 changes detected
2025-03-05 22:07:52,529 - watchfiles.main - INFO - [3033] - 149 changes detected
2025-03-05 22:07:52,895 - watchfiles.main - INFO - [3033] - 42 changes detected
2025-03-05 22:07:53,257 - watchfiles.main - INFO - [3033] - 107 changes detected
2025-03-05 22:08:03,681 - watchfiles.main - INFO - [3033] - 1 change detected
2025-03-05 22:08:04,042 - watchfiles.main - INFO - [3033] - 1 change detected
2025-03-05 22:08:10,377 - watchfiles.main - INFO - [3033] - 16 changes detected
2025-03-05 22:08:21,299 - watchfiles.main - INFO - [3033] - 1 change detected
2025-03-05 22:08:21,658 - watchfiles.main - INFO - [3033] - 28 changes detected
2025-03-05 22:08:46,836 - watchfiles.main - INFO - [3033] - 1 change detected
2025-03-05 22:08:47,203 - watchfiles.main - INFO - [3033] - 3 changes detected
2025-03-05 22:09:03,378 - watchfiles.main - INFO - [3033] - 1 change detected
2025-03-05 22:09:03,743 - watchfiles.main - INFO - [3033] - 3 changes detected
2025-03-05 22:09:11,354 - watchfiles.main - INFO - [3033] - 1 change detected
2025-03-05 22:09:30,186 - watchfiles.main - INFO - [3033] - 1 change detected
2025-03-05 22:09:30,554 - watchfiles.main - INFO - [3033] - 4 changes detected
2025-03-05 22:09:45,842 - watchfiles.main - INFO - [3033] - 1 change detected
2025-03-05 22:09:46,051 - root - INFO - [4201] - Application starting up in development environment...
2025-03-05 22:09:46,206 - watchfiles.main - INFO - [3033] - 6 changes detected
2025-03-05 22:09:51,622 - root - INFO - [4209] - Port 8000 is in use, using port 8001 instead
2025-03-05 22:09:51,819 - root - INFO - [4238] - Application starting up in development environment...
2025-03-05 22:09:51,852 - watchfiles.main - INFO - [3033] - 1 change detected
2025-03-05 22:10:12,028 - root - INFO - [4238] - Application shutting down...
2025-03-05 22:10:12,148 - watchfiles.main - INFO - [3033] - 1 change detected
2025-03-05 22:10:17,881 - watchfiles.main - INFO - [3033] - 1 change detected
2025-03-05 22:10:18,082 - root - INFO - [4201] - Application shutting down...
2025-03-05 22:11:09,417 - root - INFO - [4358] - Using port: 8000
2025-03-05 22:11:09,616 - root - INFO - [4387] - Application starting up in development environment...
2025-03-05 22:11:29,903 - root - INFO - [4387] - Processing request to root endpoint
2025-03-05 22:11:47,024 - watchfiles.main - INFO - [4358] - 2 changes detected
2025-03-05 22:11:47,205 - root - INFO - [4387] - Application shutting down...
2025-03-05 22:11:47,419 - root - INFO - [4446] - Application starting up in development environment...
2025-03-05 22:11:47,575 - watchfiles.main - INFO - [4358] - 4 changes detected
2025-03-05 22:12:38,816 - watchfiles.main - INFO - [4358] - 16 changes detected
2025-03-05 22:13:02,775 - root - INFO - [4446] - Application shutting down...
2025-03-05 22:27:21,926 - root - INFO - [5269] - Using port: 8000
2025-03-05 22:27:22,112 - root - INFO - [5298] - Application starting up in development environment...
2025-03-05 22:27:27,050 - root - INFO - [5298] - Processing request to root endpoint
2025-03-05 22:29:10,684 - watchfiles.main - INFO - [5269] - 1 change detected
2025-03-05 22:29:10,838 - root - INFO - [5298] - Application shutting down...
2025-03-05 22:29:11,058 - root - INFO - [5357] - Application starting up in development environment...
2025-03-05 22:29:11,207 - watchfiles.main - INFO - [5269] - 4 changes detected
2025-03-05 22:29:25,009 - root - INFO - [5357] - Application shutting down...
2025-03-05 22:29:52,629 - root - INFO - [5597] - Port 8000 is in use, using port 8001 instead
2025-03-05 22:29:52,820 - root - INFO - [5626] - Application starting up in development environment...
2025-03-05 22:29:57,154 - root - INFO - [5626] - Processing request to root endpoint
2025-03-05 22:30:05,076 - root - INFO - [5626] - Processing request to root endpoint
2025-03-05 22:30:24,962 - root - INFO - [5626] - Application shutting down...
